Monday, 18-Apr-16 11:51:46 UTC - frostbyte_czech
Monday, 18-Apr-16 11:53:40 UTC - frostbyte_poland triggered.
Monday, 18-Apr-16 11:53:46 UTC - frostbyte_poland success.
Monday, 18-Apr-16 12:09:15 UTC - frostbyte_cookiejam_global triggered.
Monday, 18-Apr-16 12:09:25 UTC -  triggered.
Monday, 18-Apr-16 12:09:29 UTC - frostbyte_cookiejam_global triggered.
Monday, 18-Apr-16 12:09:35 UTC - frostbyte_cookiejam_global success.
Monday, 18-Apr-16 12:20:07 UTC - frostbyte_poland triggered.
Monday, 18-Apr-16 12:20:17 UTC - frostbyte_poland success.
Monday, 25-Apr-16 17:17:53 UTC - frostbyte_norway triggered.
Monday, 25-Apr-16 17:18:03 UTC -  triggered.
Monday, 25-Apr-16 17:19:02 UTC - frostbyte_norway triggered.
Monday, 25-Apr-16 17:19:11 UTC - frostbyte_norway success.
Monday, 25-Apr-16 17:54:50 UTC - frostbyte_norway triggered.
Monday, 25-Apr-16 17:54:56 UTC - frostbyte_norway success.
Monday, 25-Apr-16 18:13:07 UTC - frostbyte_norway triggered.
Monday, 25-Apr-16 18:13:15 UTC -  triggered.
Monday, 25-Apr-16 18:13:19 UTC - frostbyte_norway triggered.
Monday, 25-Apr-16 18:13:48 UTC - frostbyte_norway success.
Monday, 25-Apr-16 18:31:43 UTC - frostbyte_s365_english triggered.
Monday, 25-Apr-16 18:31:51 UTC -  triggered.
Monday, 25-Apr-16 18:31:55 UTC - frostbyte_s365_english triggered.
Monday, 25-Apr-16 18:32:00 UTC - frostbyte_s365_english success.
Monday, 25-Apr-16 18:32:20 UTC - frostbyte_s365_france triggered.
Monday, 25-Apr-16 18:32:30 UTC -  triggered.
Monday, 25-Apr-16 18:32:32 UTC - frostbyte_s365_france triggered.
Monday, 25-Apr-16 18:32:38 UTC - frostbyte_s365_france success.
Monday, 25-Apr-16 18:38:08 UTC - frostbyte_norway triggered.
Monday, 25-Apr-16 18:38:15 UTC -  triggered.
Monday, 25-Apr-16 18:40:34 UTC - frostbyte_norway triggered.
Monday, 25-Apr-16 18:40:54 UTC - frostbyte_norway success.
